AH00558: apache2: Could not reliably determine the server's fully qualified domain name, using 192.168.192.3. Set the 'ServerName' directive globally to suppress this message
[Mon Jun 08 20:37:21.656072 2020] [mpm_prefork:notice] [pid 8] AH00163: Apache/2.4.25 (Debian) PHP/5.6.40 configured -- resuming normal operations
[Mon Jun 08 20:37:21.656756 2020] [core:notice] [pid 8] AH00094: Command line: '/usr/sbin/apache2 -D FOREGROUND'
[Mon Jun 08 20:39:42.750343 2020] [autoindex:error] [pid 11] [client 192.168.192.1:44002] AH01276: Cannot serve directory /var/www/html/: No matching DirectoryIndex (index.php,index.html) found, and server-generated directory index forbidden by Options directive
AH00558: apache2: Could not reliably determine the server's fully qualified domain name, using 192.168.192.5. Set the 'ServerName' directive globally to suppress this message
[Mon Jun 08 20:57:16.977845 2020] [core:warn] [pid 8] AH00098: pid file /var/run/apache2/apache2.pid overwritten -- Unclean shutdown of previous Apache run?
[Mon Jun 08 20:57:16.983035 2020] [mpm_prefork:notice] [pid 8] AH00163: Apache/2.4.25 (Debian) PHP/5.6.40 configured -- resuming normal operations
[Mon Jun 08 20:57:16.983464 2020] [core:notice] [pid 8] AH00094: Command line: '/usr/sbin/apache2 -D FOREGROUND'
AH00558: apache2: Could not reliably determine the server's fully qualified domain name, using 192.168.192.5. Set the 'ServerName' directive globally to suppress this message
[Mon Jun 08 21:14:42.824062 2020] [core:warn] [pid 7] AH00098: pid file /var/run/apache2/apache2.pid overwritten -- Unclean shutdown of previous Apache run?
[Mon Jun 08 21:14:42.827498 2020] [mpm_prefork:notice] [pid 7] AH00163: Apache/2.4.25 (Debian) PHP/5.6.40 configured -- resuming normal operations
[Mon Jun 08 21:14:42.828059 2020] [core:notice] [pid 7] AH00094: Command line: '/usr/sbin/apache2 -D FOREGROUND'
AH00558: apache2: Could not reliably determine the server's fully qualified domain name, using 192.168.208.5. Set the 'ServerName' directive globally to suppress this message
[Mon Jun 08 21:19:20.980037 2020] [mpm_prefork:notice] [pid 7] AH00163: Apache/2.4.25 (Debian) PHP/5.6.40 configured -- resuming normal operations
[Mon Jun 08 21:19:20.980647 2020] [core:notice] [pid 7] AH00094: Command line: '/usr/sbin/apache2 -D FOREGROUND'
[Mon Jun 08 21:41:24.951288 2020] [autoindex:error] [pid 8] [client 192.168.208.1:33718] AH01276: Cannot serve directory /var/www/html/: No matching DirectoryIndex (index.php,index.html) found, and server-generated directory index forbidden by Options directive
AH00558: apache2: Could not reliably determine the server's fully qualified domain name, using 192.168.208.4. Set the 'ServerName' directive globally to suppress this message
[Mon Jun 08 22:08:08.982558 2020] [mpm_prefork:notice] [pid 8] AH00163: Apache/2.4.25 (Debian) PHP/5.6.40 configured -- resuming normal operations
[Mon Jun 08 22:08:08.983778 2020] [core:notice] [pid 8] AH00094: Command line: '/usr/sbin/apache2 -D FOREGROUND'
AH00558: apache2: Could not reliably determine the server's fully qualified domain name, using 192.168.208.4. Set the 'ServerName' directive globally to suppress this message
[Tue Jun 09 12:09:19.452717 2020] [core:warn] [pid 8] AH00098: pid file /var/run/apache2/apache2.pid overwritten -- Unclean shutdown of previous Apache run?
[Tue Jun 09 12:09:19.457411 2020] [mpm_prefork:notice] [pid 8] AH00163: Apache/2.4.25 (Debian) PHP/5.6.40 configured -- resuming normal operations
[Tue Jun 09 12:09:19.457830 2020] [core:notice] [pid 8] AH00094: Command line: '/usr/sbin/apache2 -D FOREGROUND'
AH00558: apache2: Could not reliably determine the server's fully qualified domain name, using 192.168.208.4. Set the 'ServerName' directive globally to suppress this message
[Tue Jun 09 12:43:30.075872 2020] [mpm_prefork:notice] [pid 7] AH00163: Apache/2.4.25 (Debian) PHP/5.6.40 configured -- resuming normal operations
[Tue Jun 09 12:43:30.076908 2020] [core:notice] [pid 7] AH00094: Command line: '/usr/sbin/apache2 -D FOREGROUND'
AH00558: apache2: Could not reliably determine the server's fully qualified domain name, using 192.168.208.4. Set the 'ServerName' directive globally to suppress this message
[Tue Jun 09 12:47:21.573953 2020] [mpm_prefork:notice] [pid 7] AH00163: Apache/2.4.25 (Debian) PHP/5.6.40 configured -- resuming normal operations
[Tue Jun 09 12:47:21.574722 2020] [core:notice] [pid 7] AH00094: Command line: '/usr/sbin/apache2 -D FOREGROUND'
AH00558: apache2: Could not reliably determine the server's fully qualified domain name, using 192.168.208.5. Set the 'ServerName' directive globally to suppress this message
[Tue Jun 09 12:54:24.687544 2020] [mpm_prefork:notice] [pid 8] AH00163: Apache/2.4.25 (Debian) PHP/5.6.40 configured -- resuming normal operations
[Tue Jun 09 12:54:24.688192 2020] [core:notice] [pid 8] AH00094: Command line: '/usr/sbin/apache2 -D FOREGROUND'
AH00558: apache2: Could not reliably determine the server's fully qualified domain name, using 192.168.208.5. Set the 'ServerName' directive globally to suppress this message
[Tue Jun 09 13:18:23.149300 2020] [core:warn] [pid 8] AH00098: pid file /var/run/apache2/apache2.pid overwritten -- Unclean shutdown of previous Apache run?
[Tue Jun 09 13:18:23.153455 2020] [mpm_prefork:notice] [pid 8] AH00163: Apache/2.4.25 (Debian) PHP/5.6.40 configured -- resuming normal operations
[Tue Jun 09 13:18:23.154280 2020] [core:notice] [pid 8] AH00094: Command line: '/usr/sbin/apache2 -D FOREGROUND'
AH00558: apache2: Could not reliably determine the server's fully qualified domain name, using 192.168.208.5. Set the 'ServerName' directive globally to suppress this message
[Tue Jun 09 13:19:50.804600 2020] [core:warn] [pid 7] AH00098: pid file /var/run/apache2/apache2.pid overwritten -- Unclean shutdown of previous Apache run?
[Tue Jun 09 13:19:50.807943 2020] [mpm_prefork:notice] [pid 7] AH00163: Apache/2.4.25 (Debian) PHP/5.6.40 configured -- resuming normal operations
[Tue Jun 09 13:19:50.808564 2020] [core:notice] [pid 7] AH00094: Command line: '/usr/sbin/apache2 -D FOREGROUND'
AH00558: apache2: Could not reliably determine the server's fully qualified domain name, using 192.168.208.4. Set the 'ServerName' directive globally to suppress this message
[Tue Jun 09 13:49:28.489638 2020] [mpm_prefork:notice] [pid 7] AH00163: Apache/2.4.25 (Debian) PHP/5.6.40 configured -- resuming normal operations
[Tue Jun 09 13:49:28.490555 2020] [core:notice] [pid 7] AH00094: Command line: '/usr/sbin/apache2 -D FOREGROUND'
AH00558: apache2: Could not reliably determine the server's fully qualified domain name, using 192.168.208.4. Set the 'ServerName' directive globally to suppress this message
[Tue Jun 09 13:50:56.776140 2020] [mpm_prefork:notice] [pid 7] AH00163: Apache/2.4.25 (Debian) PHP/5.6.40 configured -- resuming normal operations
[Tue Jun 09 13:50:56.777039 2020] [core:notice] [pid 7] AH00094: Command line: '/usr/sbin/apache2 -D FOREGROUND'
AH00558: apache2: Could not reliably determine the server's fully qualified domain name, using 192.168.240.6. Set the 'ServerName' directive globally to suppress this message
[Tue Jun 09 13:52:08.118290 2020] [mpm_prefork:notice] [pid 7] AH00163: Apache/2.4.25 (Debian) PHP/5.6.40 configured -- resuming normal operations
[Tue Jun 09 13:52:08.118968 2020] [core:notice] [pid 7] AH00094: Command line: '/usr/sbin/apache2 -D FOREGROUND'
AH00558: apache2: Could not reliably determine the server's fully qualified domain name, using 172.22.0.5. Set the 'ServerName' directive globally to suppress this message
[Tue Jun 09 13:53:20.477244 2020] [mpm_prefork:notice] [pid 7] AH00163: Apache/2.4.25 (Debian) PHP/5.6.40 configured -- resuming normal operations
[Tue Jun 09 13:53:20.477782 2020] [core:notice] [pid 7] AH00094: Command line: '/usr/sbin/apache2 -D FOREGROUND'
AH00558: apache2: Could not reliably determine the server's fully qualified domain name, using 172.22.0.5. Set the 'ServerName' directive globally to suppress this message
[Tue Jun 09 13:53:59.667393 2020] [core:warn] [pid 8] AH00098: pid file /var/run/apache2/apache2.pid overwritten -- Unclean shutdown of previous Apache run?
[Tue Jun 09 13:53:59.675387 2020] [mpm_prefork:notice] [pid 8] AH00163: Apache/2.4.25 (Debian) PHP/5.6.40 configured -- resuming normal operations
[Tue Jun 09 13:53:59.675904 2020] [core:notice] [pid 8] AH00094: Command line: '/usr/sbin/apache2 -D FOREGROUND'
AH00558: apache2: Could not reliably determine the server's fully qualified domain name, using 172.23.0.5. Set the 'ServerName' directive globally to suppress this message
[Tue Jun 09 13:55:08.650939 2020] [mpm_prefork:notice] [pid 11] AH00163: Apache/2.4.25 (Debian) PHP/5.6.40 configured -- resuming normal operations
[Tue Jun 09 13:55:08.651638 2020] [core:notice] [pid 11] AH00094: Command line: '/usr/sbin/apache2 -D FOREGROUND'
AH00558: apache2: Could not reliably determine the server's fully qualified domain name, using 172.23.0.6. Set the 'ServerName' directive globally to suppress this message
[Tue Jun 09 13:58:07.764484 2020] [mpm_prefork:notice] [pid 7] AH00163: Apache/2.4.25 (Debian) PHP/5.6.40 configured -- resuming normal operations
[Tue Jun 09 13:58:07.765060 2020] [core:notice] [pid 7] AH00094: Command line: '/usr/sbin/apache2 -D FOREGROUND'
AH00558: apache2: Could not reliably determine the server's fully qualified domain name, using 172.23.0.5. Set the 'ServerName' directive globally to suppress this message
[Tue Jun 09 14:00:30.593403 2020] [core:warn] [pid 8] AH00098: pid file /var/run/apache2/apache2.pid overwritten -- Unclean shutdown of previous Apache run?
[Tue Jun 09 14:00:30.597813 2020] [mpm_prefork:notice] [pid 8] AH00163: Apache/2.4.25 (Debian) PHP/5.6.40 configured -- resuming normal operations
[Tue Jun 09 14:00:30.598392 2020] [core:notice] [pid 8] AH00094: Command line: '/usr/sbin/apache2 -D FOREGROUND'
AH00558: apache2: Could not reliably determine the server's fully qualified domain name, using 172.23.0.6. Set the 'ServerName' directive globally to suppress this message
[Tue Jun 09 14:07:35.001829 2020] [core:warn] [pid 8] AH00098: pid file /var/run/apache2/apache2.pid overwritten -- Unclean shutdown of previous Apache run?
[Tue Jun 09 14:07:35.005251 2020] [mpm_prefork:notice] [pid 8] AH00163: Apache/2.4.25 (Debian) PHP/5.6.40 configured -- resuming normal operations
[Tue Jun 09 14:07:35.005919 2020] [core:notice] [pid 8] AH00094: Command line: '/usr/sbin/apache2 -D FOREGROUND'
AH00558: apache2: Could not reliably determine the server's fully qualified domain name, using 172.24.0.2. Set the 'ServerName' directive globally to suppress this message
[Tue Jun 09 14:25:53.198471 2020] [mpm_prefork:notice] [pid 8] AH00163: Apache/2.4.25 (Debian) PHP/5.6.40 configured -- resuming normal operations
[Tue Jun 09 14:25:53.199165 2020] [core:notice] [pid 8] AH00094: Command line: '/usr/sbin/apache2 -D FOREGROUND'
AH00558: apache2: Could not reliably determine the server's fully qualified domain name, using 172.25.0.2. Set the 'ServerName' directive globally to suppress this message
[Tue Jun 09 14:30:09.815671 2020] [mpm_prefork:notice] [pid 7] AH00163: Apache/2.4.25 (Debian) PHP/5.6.40 configured -- resuming normal operations
[Tue Jun 09 14:30:09.816282 2020] [core:notice] [pid 7] AH00094: Command line: '/usr/sbin/apache2 -D FOREGROUND'
AH00558: apache2: Could not reliably determine the server's fully qualified domain name, using 172.26.0.5. Set the 'ServerName' directive globally to suppress this message
[Tue Jun 09 14:31:04.142303 2020] [mpm_prefork:notice] [pid 7] AH00163: Apache/2.4.25 (Debian) PHP/5.6.40 configured -- resuming normal operations
[Tue Jun 09 14:31:04.143419 2020] [core:notice] [pid 7] AH00094: Command line: '/usr/sbin/apache2 -D FOREGROUND'
AH00558: apache2: Could not reliably determine the server's fully qualified domain name, using 172.30.0.4. Set the 'ServerName' directive globally to suppress this message
[Tue Jun 09 15:12:12.243924 2020] [mpm_prefork:notice] [pid 8] AH00163: Apache/2.4.25 (Debian) PHP/5.6.40 configured -- resuming normal operations
[Tue Jun 09 15:12:12.244834 2020] [core:notice] [pid 8] AH00094: Command line: '/usr/sbin/apache2 -D FOREGROUND'
AH00558: apache2: Could not reliably determine the server's fully qualified domain name, using 172.31.0.4. Set the 'ServerName' directive globally to suppress this message
[Tue Jun 09 15:17:19.954193 2020] [mpm_prefork:notice] [pid 8] AH00163: Apache/2.4.25 (Debian) PHP/5.6.40 configured -- resuming normal operations
[Tue Jun 09 15:17:19.956911 2020] [core:notice] [pid 8] AH00094: Command line: '/usr/sbin/apache2 -D FOREGROUND'
AH00558: apache2: Could not reliably determine the server's fully qualified domain name, using 192.168.0.5. Set the 'ServerName' directive globally to suppress this message
[Tue Jun 09 15:57:55.558923 2020] [mpm_prefork:notice] [pid 8] AH00163: Apache/2.4.25 (Debian) PHP/5.6.40 configured -- resuming normal operations
[Tue Jun 09 15:57:55.559586 2020] [core:notice] [pid 8] AH00094: Command line: '/usr/sbin/apache2 -D FOREGROUND'
AH00558: apache2: Could not reliably determine the server's fully qualified domain name, using 192.168.16.4. Set the 'ServerName' directive globally to suppress this message
[Tue Jun 09 16:15:25.471907 2020] [mpm_prefork:notice] [pid 7] AH00163: Apache/2.4.25 (Debian) PHP/5.6.40 configured -- resuming normal operations
[Tue Jun 09 16:15:25.472543 2020] [core:notice] [pid 7] AH00094: Command line: '/usr/sbin/apache2 -D FOREGROUND'
AH00558: apache2: Could not reliably determine the server's fully qualified domain name, using 192.168.176.4. Set the 'ServerName' directive globally to suppress this message
[Tue Jun 09 16:47:28.654899 2020] [mpm_prefork:notice] [pid 10] AH00163: Apache/2.4.25 (Debian) PHP/5.6.40 configured -- resuming normal operations
[Tue Jun 09 16:47:28.655741 2020] [core:notice] [pid 10] AH00094: Command line: '/usr/sbin/apache2 -D FOREGROUND'
AH00558: apache2: Could not reliably determine the server's fully qualified domain name, using 192.168.176.4. Set the 'ServerName' directive globally to suppress this message
[Tue Jun 09 16:49:38.916221 2020] [mpm_prefork:notice] [pid 8] AH00163: Apache/2.4.25 (Debian) PHP/5.6.40 configured -- resuming normal operations
[Tue Jun 09 16:49:38.917095 2020] [core:notice] [pid 8] AH00094: Command line: '/usr/sbin/apache2 -D FOREGROUND'
[Tue Jun 09 17:09:42.762284 2020] [autoindex:error] [pid 9] [client 192.168.176.1:34026] AH01276: Cannot serve directory /var/www/html/: No matching DirectoryIndex (index.php,index.html) found, and server-generated directory index forbidden by Options directive
AH00558: apache2: Could not reliably determine the server's fully qualified domain name, using 192.168.32.4. Set the 'ServerName' directive globally to suppress this message
[Tue Jun 09 17:36:22.882559 2020] [mpm_prefork:notice] [pid 7] AH00163: Apache/2.4.25 (Debian) PHP/5.6.40 configured -- resuming normal operations
[Tue Jun 09 17:36:22.883477 2020] [core:notice] [pid 7] AH00094: Command line: '/usr/sbin/apache2 -D FOREGROUND'
AH00558: apache2: Could not reliably determine the server's fully qualified domain name, using 172.20.0.4. Set the 'ServerName' directive globally to suppress this message
[Tue Jun 09 17:47:31.072086 2020] [mpm_prefork:notice] [pid 8] AH00163: Apache/2.4.25 (Debian) PHP/5.6.40 configured -- resuming normal operations
[Tue Jun 09 17:47:31.072591 2020] [core:notice] [pid 8] AH00094: Command line: '/usr/sbin/apache2 -D FOREGROUND'
AH00558: apache2: Could not reliably determine the server's fully qualified domain name, using 192.168.80.2. Set the 'ServerName' directive globally to suppress this message
[Tue Jun 09 18:03:45.220532 2020] [mpm_prefork:notice] [pid 8] AH00163: Apache/2.4.25 (Debian) PHP/5.6.40 configured -- resuming normal operations
[Tue Jun 09 18:03:45.221177 2020] [core:notice] [pid 8] AH00094: Command line: '/usr/sbin/apache2 -D FOREGROUND'
AH00558: apache2: Could not reliably determine the server's fully qualified domain name, using 192.168.96.2. Set the 'ServerName' directive globally to suppress this message
[Tue Jun 09 18:27:09.418292 2020] [mpm_prefork:notice] [pid 8] AH00163: Apache/2.4.25 (Debian) PHP/5.6.40 configured -- resuming normal operations
[Tue Jun 09 18:27:09.418923 2020] [core:notice] [pid 8] AH00094: Command line: '/usr/sbin/apache2 -D FOREGROUND'
AH00558: apache2: Could not reliably determine the server's fully qualified domain name, using 192.168.96.4. Set the 'ServerName' directive globally to suppress this message
[Tue Jun 09 18:28:47.076789 2020] [mpm_prefork:notice] [pid 7] AH00163: Apache/2.4.25 (Debian) PHP/5.6.40 configured -- resuming normal operations
[Tue Jun 09 18:28:47.077841 2020] [core:notice] [pid 7] AH00094: Command line: '/usr/sbin/apache2 -D FOREGROUND'
AH00558: apache2: Could not reliably determine the server's fully qualified domain name, using 192.168.112.4. Set the 'ServerName' directive globally to suppress this message
[Tue Jun 09 18:32:12.986916 2020] [mpm_prefork:notice] [pid 7] AH00163: Apache/2.4.25 (Debian) PHP/5.6.40 configured -- resuming normal operations
[Tue Jun 09 18:32:12.988248 2020] [core:notice] [pid 7] AH00094: Command line: '/usr/sbin/apache2 -D FOREGROUND'
AH00558: apache2: Could not reliably determine the server's fully qualified domain name, using 192.168.128.4. Set the 'ServerName' directive globally to suppress this message
[Tue Jun 09 18:40:25.623347 2020] [mpm_prefork:notice] [pid 8] AH00163: Apache/2.4.25 (Debian) PHP/5.6.40 configured -- resuming normal operations
[Tue Jun 09 18:40:25.623982 2020] [core:notice] [pid 8] AH00094: Command line: '/usr/sbin/apache2 -D FOREGROUND'
AH00558: apache2: Could not reliably determine the server's fully qualified domain name, using 192.168.144.4. Set the 'ServerName' directive globally to suppress this message
[Tue Jun 09 19:02:12.618632 2020] [mpm_prefork:notice] [pid 8] AH00163: Apache/2.4.25 (Debian) PHP/5.6.40 configured -- resuming normal operations
[Tue Jun 09 19:02:12.619201 2020] [core:notice] [pid 8] AH00094: Command line: '/usr/sbin/apache2 -D FOREGROUND'
AH00558: apache2: Could not reliably determine the server's fully qualified domain name, using 192.168.112.4. Set the 'ServerName' directive globally to suppress this message
[Tue Jun 09 19:24:35.997012 2020] [mpm_prefork:notice] [pid 7] AH00163: Apache/2.4.25 (Debian) PHP/5.6.40 configured -- resuming normal operations
[Tue Jun 09 19:24:35.997773 2020] [core:notice] [pid 7] AH00094: Command line: '/usr/sbin/apache2 -D FOREGROUND'
AH00558: apache2: Could not reliably determine the server's fully qualified domain name, using 172.22.0.4. Set the 'ServerName' directive globally to suppress this message
[Tue Jun 09 19:36:42.613788 2020] [mpm_prefork:notice] [pid 7] AH00163: Apache/2.4.25 (Debian) PHP/5.6.40 configured -- resuming normal operations
[Tue Jun 09 19:36:42.614307 2020] [core:notice] [pid 7] AH00094: Command line: '/usr/sbin/apache2 -D FOREGROUND'
AH00558: apache2: Could not reliably determine the server's fully qualified domain name, using 172.22.0.4. Set the 'ServerName' directive globally to suppress this message
[Tue Jun 09 19:37:28.091767 2020] [core:warn] [pid 7] AH00098: pid file /var/run/apache2/apache2.pid overwritten -- Unclean shutdown of previous Apache run?
[Tue Jun 09 19:37:28.094838 2020] [mpm_prefork:notice] [pid 7] AH00163: Apache/2.4.25 (Debian) PHP/5.6.40 configured -- resuming normal operations
[Tue Jun 09 19:37:28.095253 2020] [core:notice] [pid 7] AH00094: Command line: '/usr/sbin/apache2 -D FOREGROUND'
AH00558: apache2: Could not reliably determine the server's fully qualified domain name, using 172.23.0.4. Set the 'ServerName' directive globally to suppress this message
[Tue Jun 09 19:38:57.967847 2020] [mpm_prefork:notice] [pid 8] AH00163: Apache/2.4.25 (Debian) PHP/5.6.40 configured -- resuming normal operations
[Tue Jun 09 19:38:57.969641 2020] [core:notice] [pid 8] AH00094: Command line: '/usr/sbin/apache2 -D FOREGROUND'
AH00558: apache2: Could not reliably determine the server's fully qualified domain name, using 172.24.0.4. Set the 'ServerName' directive globally to suppress this message
[Tue Jun 09 20:06:12.055454 2020] [mpm_prefork:notice] [pid 8] AH00163: Apache/2.4.25 (Debian) PHP/5.6.40 configured -- resuming normal operations
[Tue Jun 09 20:06:12.055927 2020] [core:notice] [pid 8] AH00094: Command line: '/usr/sbin/apache2 -D FOREGROUND'
AH00558: apache2: Could not reliably determine the server's fully qualified domain name, using 172.25.0.4. Set the 'ServerName' directive globally to suppress this message
[Wed Jun 10 11:08:04.196729 2020] [mpm_prefork:notice] [pid 7] AH00163: Apache/2.4.25 (Debian) PHP/5.6.40 configured -- resuming normal operations
[Wed Jun 10 11:08:04.197832 2020] [core:notice] [pid 7] AH00094: Command line: '/usr/sbin/apache2 -D FOREGROUND'
AH00558: apache2: Could not reliably determine the server's fully qualified domain name, using 172.26.0.4. Set the 'ServerName' directive globally to suppress this message
[Wed Jun 10 11:09:16.329641 2020] [mpm_prefork:notice] [pid 7] AH00163: Apache/2.4.25 (Debian) PHP/5.6.40 configured -- resuming normal operations
[Wed Jun 10 11:09:16.330356 2020] [core:notice] [pid 7] AH00094: Command line: '/usr/sbin/apache2 -D FOREGROUND'
AH00558: apache2: Could not reliably determine the server's fully qualified domain name, using 172.22.0.4. Set the 'ServerName' directive globally to suppress this message
[Wed Jun 10 11:16:26.535796 2020] [mpm_prefork:notice] [pid 7] AH00163: Apache/2.4.25 (Debian) PHP/5.6.40 configured -- resuming normal operations
[Wed Jun 10 11:16:26.536765 2020] [core:notice] [pid 7] AH00094: Command line: '/usr/sbin/apache2 -D FOREGROUND'
AH00558: apache2: Could not reliably determine the server's fully qualified domain name, using 172.23.0.4. Set the 'ServerName' directive globally to suppress this message
[Wed Jun 10 11:18:16.378818 2020] [mpm_prefork:notice] [pid 7] AH00163: Apache/2.4.25 (Debian) PHP/5.6.40 configured -- resuming normal operations
[Wed Jun 10 11:18:16.379571 2020] [core:notice] [pid 7] AH00094: Command line: '/usr/sbin/apache2 -D FOREGROUND'
AH00558: apache2: Could not reliably determine the server's fully qualified domain name, using 172.24.0.4. Set the 'ServerName' directive globally to suppress this message
[Wed Jun 10 11:50:48.130927 2020] [mpm_prefork:notice] [pid 7] AH00163: Apache/2.4.25 (Debian) PHP/5.6.40 configured -- resuming normal operations
[Wed Jun 10 11:50:48.131809 2020] [core:notice] [pid 7] AH00094: Command line: '/usr/sbin/apache2 -D FOREGROUND'
AH00558: apache2: Could not reliably determine the server's fully qualified domain name, using 172.24.0.4. Set the 'ServerName' directive globally to suppress this message
[Wed Jun 10 12:08:28.877808 2020] [core:warn] [pid 8] AH00098: pid file /var/run/apache2/apache2.pid overwritten -- Unclean shutdown of previous Apache run?
[Wed Jun 10 12:08:28.882054 2020] [mpm_prefork:notice] [pid 8] AH00163: Apache/2.4.25 (Debian) PHP/5.6.40 configured -- resuming normal operations
[Wed Jun 10 12:08:28.882554 2020] [core:notice] [pid 8] AH00094: Command line: '/usr/sbin/apache2 -D FOREGROUND'
